<?xml version="1.0" encoding="UTF-8"?>
<testsuite name="usecases.AppointmentManagerConcurrencyTest" tests="1" skipped="0" failures="0" errors="0" timestamp="2025-06-15T15:56:56.261Z" hostname="Pedros-MacBook-Pro.local" time="0.015">
  <properties/>
  <testcase name="testOnlyOneAppointmentIsBookedConcurrently()" classname="usecases.AppointmentManagerConcurrencyTest" time="0.015"/>
  <system-out><![CDATA[]]>&#x1f7e2;<![CDATA[ Appointment saver started...

]]>&#x1f4be;<![CDATA[ Saved to SQLite: APT-P0401-D123-20250611-0900
]]></system-out>
  <system-err><![CDATA[]]></system-err>
</testsuite>
