<?xml version="1.0" encoding="UTF-8"?>
<testsuite name="usecases.UpcomingAppointmentFlowTest" tests="1" skipped="0" failures="0" errors="0" timestamp="2025-06-15T15:56:56.294Z" hostname="Pedros-MacBook-Pro.local" time="0.009">
  <properties/>
  <testcase name="testUpcomingAppointmentsFilteredAndSorted()" classname="usecases.UpcomingAppointmentFlowTest" time="0.009"/>
  <system-out><![CDATA[✅ Upcoming appointments:
2025-06-15 12:00 → APT-P1-D2-20250615-1200
2025-06-20 09:00 → APT-P1-D3-20250620-0900
]]></system-out>
  <system-err><![CDATA[]]></system-err>
</testsuite>
